<?xml version="1.0" encoding="UTF-8"?>
<testng-results ignored="0" total="1" passed="1" failed="0" skipped="0">
  <reporter-output>
  </reporter-output>
  <suite started-at="2021-06-11T16:30:33 CEST" name="Suite" finished-at="2021-06-11T16:31:54 CEST" duration-ms="81619">
    <groups>
    </groups>
    <test started-at="2021-06-11T16:30:33 CEST" name="Test" finished-at="2021-06-11T16:31:54 CEST" duration-ms="81619">
      <class name="example.firstTest">
        <test-method is-config="true" signature="beforeClass()[pri:0, instance:example.firstTest@3c9d0b9d]" started-at="2021-06-11T16:30:33 CEST" name="beforeClass" finished-at="2021-06-11T16:30:42 CEST" duration-ms="9149" status="PASS">
          <reporter-output>
          </reporter-output>
        </test-method> <!-- beforeClass -->
        <test-method signature="f()[pri:0, instance:example.firstTest@3c9d0b9d]" started-at="2021-06-11T16:30:42 CEST" name="f" finished-at="2021-06-11T16:30:44 CEST" duration-ms="2129" status="PASS">
          <reporter-output>
          </reporter-output>
        </test-method> <!-- f -->
        <test-method is-config="true" signature="afterClass()[pri:0, instance:example.firstTest@3c9d0b9d]" started-at="2021-06-11T16:30:44 CEST" name="afterClass" finished-at="2021-06-11T16:31:54 CEST" duration-ms="70298" status="PASS">
          <reporter-output>
          </reporter-output>
        </test-method> <!-- afterClass -->
      </class> <!-- example.firstTest -->
    </test> <!-- Test -->
  </suite> <!-- Suite -->
</testng-results>
