<?xml version="1.0" encoding="UTF-8"?>
<testng-results ignored="0" total="1" passed="1" failed="0" skipped="0">
  <reporter-output>
  </reporter-output>
  <suite started-at="2021-06-11T16:43:35 CEST" name="Suite" finished-at="2021-06-11T16:44:59 CEST" duration-ms="84712">
    <groups>
    </groups>
    <test started-at="2021-06-11T16:43:35 CEST" name="Test" finished-at="2021-06-11T16:44:59 CEST" duration-ms="84712">
      <class name="example.firstTest">
        <test-method is-config="true" signature="beforeClass()[pri:0, instance:example.firstTest@3c9d0b9d]" started-at="2021-06-11T16:43:35 CEST" name="beforeClass" finished-at="2021-06-11T16:43:48 CEST" duration-ms="13463" status="PASS">
          <reporter-output>
          </reporter-output>
        </test-method> <!-- beforeClass -->
        <test-method signature="f()[pri:0, instance:example.firstTest@3c9d0b9d]" started-at="2021-06-11T16:43:48 CEST" name="f" finished-at="2021-06-11T16:43:50 CEST" duration-ms="2149" status="PASS">
          <reporter-output>
          </reporter-output>
        </test-method> <!-- f -->
        <test-method is-config="true" signature="afterClass()[pri:0, instance:example.firstTest@3c9d0b9d]" started-at="2021-06-11T16:43:50 CEST" name="afterClass" finished-at="2021-06-11T16:44:59 CEST" duration-ms="69069" status="PASS">
          <reporter-output>
          </reporter-output>
        </test-method> <!-- afterClass -->
      </class> <!-- example.firstTest -->
    </test> <!-- Test -->
  </suite> <!-- Suite -->
</testng-results>
